<?xml version="1.0" encoding="UTF-8"?>
<coverage generated="1649987432176" clover="3.2.0">
  <project timestamp="1649987432177" name="All files">
    <metrics statements="36" coveredstatements="31" conditionals="8" coveredconditionals="4" methods="6" coveredmethods="6" elements="50" coveredelements="41" complexity="0" loc="36" ncloc="36" packages="1" files="5" classes="5"/>
    <file name="arrayLength.js" path="C:\Users\user\Desktop\WIN-Assignment\JAVA-SCRIPT\Test-Jest\arrayLength.js">
      <metrics statements="4" coveredstatements="4" conditionals="0" coveredconditionals="0" methods="1" coveredmethods="1"/>
      <line num="1" count="1" type="stmt"/>
      <line num="2" count="1" type="stmt"/>
      <line num="4" count="2" type="stmt"/>
      <line num="6" count="1" type="stmt"/>
    </file>
    <file name="reverse_a_number.js" path="C:\Users\user\Desktop\WIN-Assignment\JAVA-SCRIPT\Test-Jest\reverse_a_number.js">
      <metrics statements="5" coveredstatements="5" conditionals="0" coveredconditionals="0" methods="1" coveredmethods="1"/>
      <line num="1" count="1" type="stmt"/>
      <line num="4" count="2" type="stmt"/>
      <line num="5" count="2" type="stmt"/>
      <line num="6" count="2" type="stmt"/>
      <line num="10" count="1" type="stmt"/>
    </file>
    <file name="sort_alphabet.js" path="C:\Users\user\Desktop\WIN-Assignment\JAVA-SCRIPT\Test-Jest\sort_alphabet.js">
      <metrics statements="8" coveredstatements="8" conditionals="0" coveredconditionals="0" methods="2" coveredmethods="2"/>
      <line num="1" count="1" type="stmt"/>
      <line num="3" count="1" type="stmt"/>
      <line num="4" count="1" type="stmt"/>
      <line num="5" count="1" type="stmt"/>
      <line num="6" count="1" type="stmt"/>
      <line num="7" count="1" type="stmt"/>
      <line num="12" count="8" type="stmt"/>
      <line num="17" count="1" type="stmt"/>
    </file>
    <file name="tohavebeencalled.js" path="C:\Users\user\Desktop\WIN-Assignment\JAVA-SCRIPT\Test-Jest\tohavebeencalled.js">
      <metrics statements="4" coveredstatements="4" conditionals="0" coveredconditionals="0" methods="1" coveredmethods="1"/>
      <line num="2" count="1" type="stmt"/>
      <line num="3" count="1" type="stmt"/>
      <line num="6" count="1" type="stmt"/>
      <line num="8" count="1" type="stmt"/>
    </file>
    <file name="tohavereturned.js" path="C:\Users\user\Desktop\WIN-Assignment\JAVA-SCRIPT\Test-Jest\tohavereturned.js">
      <metrics statements="15" coveredstatements="10" conditionals="8" coveredconditionals="4" methods="1" coveredmethods="1"/>
      <line num="1" count="1" type="stmt"/>
      <line num="4" count="1" type="stmt"/>
      <line num="5" count="1" type="stmt"/>
      <line num="7" count="1" type="cond" truecount="1" falsecount="1"/>
      <line num="8" count="0" type="stmt"/>
      <line num="9" count="1" type="cond" truecount="1" falsecount="1"/>
      <line num="10" count="1" type="stmt"/>
      <line num="11" count="3" type="cond" truecount="1" falsecount="1"/>
      <line num="12" count="0" type="stmt"/>
      <line num="13" count="0" type="stmt"/>
      <line num="17" count="1" type="cond" truecount="1" falsecount="1"/>
      <line num="18" count="1" type="stmt"/>
      <line num="20" count="0" type="stmt"/>
      <line num="23" count="0" type="stmt"/>
      <line num="27" count="1" type="stmt"/>
    </file>
  </project>
</coverage>
