{"C:\\Users\\user\\Desktop\\WIN-Assignment\\JAVA-SCRIPT\\Test-Jest\\arrayLength.js": {"path":"C:\\Users\\user\\Desktop\\WIN-Assignment\\JAVA-SCRIPT\\Test-Jest\\arrayLength.js","statementMap":{"0":{"start":{"line":1,"column":12},"end":{"line":1,"column":21}},"1":{"start":{"line":2,"column":0},"end":{"line":2,"column":19}},"2":{"start":{"line":4,"column":4},"end":{"line":4,"column":15}},"3":{"start":{"line":6,"column":0},"end":{"line":6,"column":29}}},"fnMap":{"0":{"name":"arrayLength","decl":{"start":{"line":3,"column":9},"end":{"line":3,"column":20}},"loc":{"start":{"line":3,"column":26},"end":{"line":5,"column":1}},"line":3}},"branchMap":{},"s":{"0":1,"1":1,"2":2,"3":1},"f":{"0":2},"b":{},"_coverageSchema":"1a1c01bbd47fc00a2c39e90264f33305004495a9","hash":"88f813fa810cd83c814da8a0f362e69a1b51af54"}
,"C:\\Users\\user\\Desktop\\WIN-Assignment\\JAVA-SCRIPT\\Test-Jest\\reverse_a_number.js": {"path":"C:\\Users\\user\\Desktop\\WIN-Assignment\\JAVA-SCRIPT\\Test-Jest\\reverse_a_number.js","statementMap":{"0":{"start":{"line":1,"column":0},"end":{"line":1,"column":25}},"1":{"start":{"line":4,"column":4},"end":{"line":4,"column":16}},"2":{"start":{"line":5,"column":19},"end":{"line":5,"column":49}},"3":{"start":{"line":6,"column":4},"end":{"line":6,"column":30}},"4":{"start":{"line":10,"column":0},"end":{"line":10,"column":34}}},"fnMap":{"0":{"name":"reverse_a_number","decl":{"start":{"line":2,"column":9},"end":{"line":2,"column":25}},"loc":{"start":{"line":3,"column":0},"end":{"line":7,"column":1}},"line":3}},"branchMap":{},"s":{"0":1,"1":2,"2":2,"3":2,"4":1},"f":{"0":2},"b":{},"_coverageSchema":"1a1c01bbd47fc00a2c39e90264f33305004495a9","hash":"1df160604f3d8310de133e63ed367ed365d16725"}
,"C:\\Users\\user\\Desktop\\WIN-Assignment\\JAVA-SCRIPT\\Test-Jest\\sort_alphabet.js": {"path":"C:\\Users\\user\\Desktop\\WIN-Assignment\\JAVA-SCRIPT\\Test-Jest\\sort_alphabet.js","statementMap":{"0":{"start":{"line":1,"column":0},"end":{"line":1,"column":27}},"1":{"start":{"line":3,"column":4},"end":{"line":3,"column":24}},"2":{"start":{"line":4,"column":4},"end":{"line":4,"column":21}},"3":{"start":{"line":5,"column":4},"end":{"line":5,"column":43}},"4":{"start":{"line":6,"column":4},"end":{"line":6,"column":23}},"5":{"start":{"line":7,"column":4},"end":{"line":7,"column":15}},"6":{"start":{"line":12,"column":4},"end":{"line":12,"column":64}},"7":{"start":{"line":17,"column":0},"end":{"line":17,"column":30}}},"fnMap":{"0":{"name":"sort_alphabet","decl":{"start":{"line":2,"column":9},"end":{"line":2,"column":22}},"loc":{"start":{"line":2,"column":27},"end":{"line":8,"column":1}},"line":2},"1":{"name":"case_insensitive_comp","decl":{"start":{"line":11,"column":9},"end":{"line":11,"column":30}},"loc":{"start":{"line":11,"column":43},"end":{"line":13,"column":1}},"line":11}},"branchMap":{},"s":{"0":1,"1":1,"2":1,"3":1,"4":1,"5":1,"6":8,"7":1},"f":{"0":1,"1":8},"b":{},"_coverageSchema":"1a1c01bbd47fc00a2c39e90264f33305004495a9","hash":"8dbcb469a806797006a33871d8aad6667223c9e3"}
,"C:\\Users\\user\\Desktop\\WIN-Assignment\\JAVA-SCRIPT\\Test-Jest\\tohavebeencalled.js": {"path":"C:\\Users\\user\\Desktop\\WIN-Assignment\\JAVA-SCRIPT\\Test-Jest\\tohavebeencalled.js","statementMap":{"0":{"start":{"line":2,"column":13},"end":{"line":2,"column":19}},"1":{"start":{"line":3,"column":21},"end":{"line":3,"column":61}},"2":{"start":{"line":6,"column":0},"end":{"line":6,"column":13}},"3":{"start":{"line":8,"column":0},"end":{"line":8,"column":29}}},"fnMap":{"0":{"name":"makeUnique","decl":{"start":{"line":1,"column":9},"end":{"line":1,"column":19}},"loc":{"start":{"line":1,"column":22},"end":{"line":4,"column":1}},"line":1}},"branchMap":{},"s":{"0":1,"1":1,"2":1,"3":1},"f":{"0":1},"b":{},"_coverageSchema":"1a1c01bbd47fc00a2c39e90264f33305004495a9","hash":"8e9a7bb278b46ee29708e3faa007230c4641680d"}
,"C:\\Users\\user\\Desktop\\WIN-Assignment\\JAVA-SCRIPT\\Test-Jest\\tohavereturned.js": {"path":"C:\\Users\\user\\Desktop\\WIN-Assignment\\JAVA-SCRIPT\\Test-Jest\\tohavereturned.js","statementMap":{"0":{"start":{"line":1,"column":0},"end":{"line":1,"column":17}},"1":{"start":{"line":4,"column":16},"end":{"line":4,"column":29}},"2":{"start":{"line":5,"column":18},"end":{"line":5,"column":22}},"3":{"start":{"line":7,"column":4},"end":{"line":24,"column":5}},"4":{"start":{"line":8,"column":8},"end":{"line":8,"column":63}},"5":{"start":{"line":9,"column":11},"end":{"line":24,"column":5}},"6":{"start":{"line":10,"column":8},"end":{"line":15,"column":9}},"7":{"start":{"line":10,"column":21},"end":{"line":10,"column":22}},"8":{"start":{"line":11,"column":12},"end":{"line":14,"column":13}},"9":{"start":{"line":12,"column":16},"end":{"line":12,"column":32}},"10":{"start":{"line":13,"column":16},"end":{"line":13,"column":22}},"11":{"start":{"line":17,"column":8},"end":{"line":21,"column":9}},"12":{"start":{"line":18,"column":12},"end":{"line":18,"column":50}},"13":{"start":{"line":20,"column":12},"end":{"line":20,"column":54}},"14":{"start":{"line":23,"column":8},"end":{"line":23,"column":56}},"15":{"start":{"line":27,"column":0},"end":{"line":27,"column":32}}},"fnMap":{"0":{"name":"find_is_prime","decl":{"start":{"line":3,"column":9},"end":{"line":3,"column":22}},"loc":{"start":{"line":3,"column":27},"end":{"line":25,"column":1}},"line":3}},"branchMap":{"0":{"loc":{"start":{"line":7,"column":4},"end":{"line":24,"column":5}},"type":"if","locations":[{"start":{"line":7,"column":4},"end":{"line":24,"column":5}},{"start":{"line":9,"column":11},"end":{"line":24,"column":5}}],"line":7},"1":{"loc":{"start":{"line":9,"column":11},"end":{"line":24,"column":5}},"type":"if","locations":[{"start":{"line":9,"column":11},"end":{"line":24,"column":5}},{"start":{"line":22,"column":10},"end":{"line":24,"column":5}}],"line":9},"2":{"loc":{"start":{"line":11,"column":12},"end":{"line":14,"column":13}},"type":"if","locations":[{"start":{"line":11,"column":12},"end":{"line":14,"column":13}},{"start":{},"end":{}}],"line":11},"3":{"loc":{"start":{"line":17,"column":8},"end":{"line":21,"column":9}},"type":"if","locations":[{"start":{"line":17,"column":8},"end":{"line":21,"column":9}},{"start":{"line":19,"column":15},"end":{"line":21,"column":9}}],"line":17}},"s":{"0":1,"1":1,"2":1,"3":1,"4":0,"5":1,"6":1,"7":1,"8":3,"9":0,"10":0,"11":1,"12":1,"13":0,"14":0,"15":1},"f":{"0":1},"b":{"0":[0,1],"1":[1,0],"2":[0,3],"3":[1,0]},"_coverageSchema":"1a1c01bbd47fc00a2c39e90264f33305004495a9","hash":"9e3235492c7ce68e91d5085fadef232bf9e63118"}
}
