TN:
SF:arrayLength.js
FN:3,arrayLength
FNF:1
FNH:1
FNDA:2,arrayLength
DA:1,1
DA:2,1
DA:4,2
DA:6,1
LF:4
LH:4
BRF:0
BRH:0
end_of_record
TN:
SF:reverse_a_number.js
FN:2,reverse_a_number
FNF:1
FNH:1
FNDA:2,reverse_a_number
DA:1,1
DA:4,2
DA:5,2
DA:6,2
DA:10,1
LF:5
LH:5
BRF:0
BRH:0
end_of_record
TN:
SF:sort_alphabet.js
FN:2,sort_alphabet
FN:11,case_insensitive_comp
FNF:2
FNH:2
FNDA:1,sort_alphabet
FNDA:8,case_insensitive_comp
DA:1,1
DA:3,1
DA:4,1
DA:5,1
DA:6,1
DA:7,1
DA:12,8
DA:17,1
LF:8
LH:8
BRF:0
BRH:0
end_of_record
TN:
SF:tohavebeencalled.js
FN:1,makeUnique
FNF:1
FNH:1
FNDA:1,makeUnique
DA:2,1
DA:3,1
DA:6,1
DA:8,1
LF:4
LH:4
BRF:0
BRH:0
end_of_record
TN:
SF:tohavereturned.js
FN:3,find_is_prime
FNF:1
FNH:1
FNDA:1,find_is_prime
DA:1,1
DA:4,1
DA:5,1
DA:7,1
DA:8,0
DA:9,1
DA:10,1
DA:11,3
DA:12,0
DA:13,0
DA:17,1
DA:18,1
DA:20,0
DA:23,0
DA:27,1
LF:15
LH:10
BRDA:7,0,0,0
BRDA:7,0,1,1
BRDA:9,1,0,1
BRDA:9,1,1,0
BRDA:11,2,0,0
BRDA:11,2,1,3
BRDA:17,3,0,1
BRDA:17,3,1,0
BRF:8
BRH:4
end_of_record
